;  LST file generated by mikroListExporter - v.2.0 
; Date/Time: 4/11/2025 3:33:09 PM
;----------------------------------------------

;Address Opcode 	ASM
0x0000	0x2896      	GOTO       150
_interrupt:
0x0004	0x00FF      	MOVWF      R15
0x0005	0x0E03      	SWAPF      STATUS, 0
0x0006	0x0183      	CLRF       STATUS
0x0007	0x00AC      	MOVWF      ___saveSTATUS
0x0008	0x080A      	MOVF       PCLATH, 0
0x0009	0x00AD      	MOVWF      ___savePCLATH
0x000A	0x018A      	CLRF       PCLATH
0x000B	0x0870      	MOVF       R0, 0
0x000C	0x00A3      	MOVWF      35
0x000D	0x087B      	MOVF       R11, 0
0x000E	0x00A2      	MOVWF      34
0x000F	0x087C      	MOVF       R12, 0
0x0010	0x00A1      	MOVWF      33
0x0011	0x087D      	MOVF       R13, 0
0x0012	0x00A0      	MOVWF      32
;MyProject.c,40 :: 		void interrupt() {
;MyProject.c,41 :: 		if (INTCON.INTF) {  // Hint: Check the external interrupt flag (INTCON.INTF)
0x0013	0x1C8B      	BTFSS      INTCON, 1
0x0014	0x2874      	GOTO       L_interrupt12
;MyProject.c,43 :: 		PORTB.RB1 = 1; // Hint: Set RB1 to high
0x0015	0x1486      	BSF        PORTB, 1
;MyProject.c,44 :: 		PORTB.RB2 = 0; // Hint: Set RB2 to low
0x0016	0x1106      	BCF        PORTB, 2
;MyProject.c,45 :: 		if (b == 50) delay_ms(50);
0x0017	0x3000      	MOVLW      0
0x0018	0x0625      	XORWF      _b+1, 0
0x0019	0x1D03      	BTFSS      STATUS, 2
0x001A	0x281D      	GOTO       L__interrupt30
0x001B	0x3032      	MOVLW      50
0x001C	0x0624      	XORWF      _b, 0
L__interrupt30:
0x001D	0x1D03      	BTFSS      STATUS, 2
0x001E	0x282A      	GOTO       L_interrupt13
0x001F	0x3082      	MOVLW      130
0x0020	0x00FC      	MOVWF      R12
0x0021	0x30DD      	MOVLW      221
0x0022	0x00FD      	MOVWF      R13
L_interrupt14:
0x0023	0x0BFD      	DECFSZ     R13, 1
0x0024	0x2823      	GOTO       L_interrupt14
0x0025	0x0BFC      	DECFSZ     R12, 1
0x0026	0x2823      	GOTO       L_interrupt14
0x0027	0x0000      	NOP
0x0028	0x0000      	NOP
0x0029	0x283E      	GOTO       L_interrupt15
L_interrupt13:
;MyProject.c,46 :: 		else if (b == 200) delay_ms(200);
0x002A	0x3000      	MOVLW      0
0x002B	0x0625      	XORWF      _b+1, 0
0x002C	0x1D03      	BTFSS      STATUS, 2
0x002D	0x2830      	GOTO       L__interrupt31
0x002E	0x30C8      	MOVLW      200
0x002F	0x0624      	XORWF      _b, 0
L__interrupt31:
0x0030	0x1D03      	BTFSS      STATUS, 2
0x0031	0x283E      	GOTO       L_interrupt16
0x0032	0x3003      	MOVLW      3
0x0033	0x00FB      	MOVWF      R11
0x0034	0x3008      	MOVLW      8
0x0035	0x00FC      	MOVWF      R12
0x0036	0x3077      	MOVLW      119
0x0037	0x00FD      	MOVWF      R13
L_interrupt17:
0x0038	0x0BFD      	DECFSZ     R13, 1
0x0039	0x2838      	GOTO       L_interrupt17
0x003A	0x0BFC      	DECFSZ     R12, 1
0x003B	0x2838      	GOTO       L_interrupt17
0x003C	0x0BFB      	DECFSZ     R11, 1
0x003D	0x2838      	GOTO       L_interrupt17
L_interrupt16:
L_interrupt15:
;MyProject.c,49 :: 		PORTB.RB1 = 0; // Hint: Set RB1 to low
0x003E	0x1086      	BCF        PORTB, 1
;MyProject.c,50 :: 		PORTB.RB2 = 1; // Hint: Set RB2 to high
0x003F	0x1506      	BSF        PORTB, 2
;MyProject.c,51 :: 		if (b == 50) delay_ms(50);
0x0040	0x3000      	MOVLW      0
0x0041	0x0625      	XORWF      _b+1, 0
0x0042	0x1D03      	BTFSS      STATUS, 2
0x0043	0x2846      	GOTO       L__interrupt32
0x0044	0x3032      	MOVLW      50
0x0045	0x0624      	XORWF      _b, 0
L__interrupt32:
0x0046	0x1D03      	BTFSS      STATUS, 2
0x0047	0x2853      	GOTO       L_interrupt18
0x0048	0x3082      	MOVLW      130
0x0049	0x00FC      	MOVWF      R12
0x004A	0x30DD      	MOVLW      221
0x004B	0x00FD      	MOVWF      R13
L_interrupt19:
0x004C	0x0BFD      	DECFSZ     R13, 1
0x004D	0x284C      	GOTO       L_interrupt19
0x004E	0x0BFC      	DECFSZ     R12, 1
0x004F	0x284C      	GOTO       L_interrupt19
0x0050	0x0000      	NOP
0x0051	0x0000      	NOP
0x0052	0x2867      	GOTO       L_interrupt20
L_interrupt18:
;MyProject.c,52 :: 		else if (b == 200) delay_ms(200);
0x0053	0x3000      	MOVLW      0
0x0054	0x0625      	XORWF      _b+1, 0
0x0055	0x1D03      	BTFSS      STATUS, 2
0x0056	0x2859      	GOTO       L__interrupt33
0x0057	0x30C8      	MOVLW      200
0x0058	0x0624      	XORWF      _b, 0
L__interrupt33:
0x0059	0x1D03      	BTFSS      STATUS, 2
0x005A	0x2867      	GOTO       L_interrupt21
0x005B	0x3003      	MOVLW      3
0x005C	0x00FB      	MOVWF      R11
0x005D	0x3008      	MOVLW      8
0x005E	0x00FC      	MOVWF      R12
0x005F	0x3077      	MOVLW      119
0x0060	0x00FD      	MOVWF      R13
L_interrupt22:
0x0061	0x0BFD      	DECFSZ     R13, 1
0x0062	0x2861      	GOTO       L_interrupt22
0x0063	0x0BFC      	DECFSZ     R12, 1
0x0064	0x2861      	GOTO       L_interrupt22
0x0065	0x0BFB      	DECFSZ     R11, 1
0x0066	0x2861      	GOTO       L_interrupt22
L_interrupt21:
L_interrupt20:
;MyProject.c,56 :: 		temp = a;
0x0067	0x0826      	MOVF       _a, 0
0x0068	0x00AA      	MOVWF      _temp
0x0069	0x0827      	MOVF       _a+1, 0
0x006A	0x00AB      	MOVWF      _temp+1
;MyProject.c,57 :: 		a = b;
0x006B	0x0824      	MOVF       _b, 0
0x006C	0x00A6      	MOVWF      _a
0x006D	0x0825      	MOVF       _b+1, 0
0x006E	0x00A7      	MOVWF      _a+1
;MyProject.c,58 :: 		b = temp;
0x006F	0x082A      	MOVF       _temp, 0
0x0070	0x00A4      	MOVWF      _b
0x0071	0x082B      	MOVF       _temp+1, 0
0x0072	0x00A5      	MOVWF      _b+1
;MyProject.c,60 :: 		INTCON.INTF = 0; // Hint: Clear the external interrupt flag
0x0073	0x108B      	BCF        INTCON, 1
;MyProject.c,61 :: 		}
L_interrupt12:
;MyProject.c,63 :: 		}
L_end_interrupt:
L__interrupt29:
0x0074	0x0823      	MOVF       35, 0
0x0075	0x00F0      	MOVWF      R0
0x0076	0x0822      	MOVF       34, 0
0x0077	0x00FB      	MOVWF      R11
0x0078	0x0821      	MOVF       33, 0
0x0079	0x00FC      	MOVWF      R12
0x007A	0x0820      	MOVF       32, 0
0x007B	0x00FD      	MOVWF      R13
0x007C	0x082D      	MOVF       ___savePCLATH, 0
0x007D	0x008A      	MOVWF      PCLATH
0x007E	0x0E2C      	SWAPF      ___saveSTATUS, 0
0x007F	0x0083      	MOVWF      STATUS
0x0080	0x0EFF      	SWAPF      R15, 1
0x0081	0x0E7F      	SWAPF      R15, 0
0x0082	0x0009      	RETFIE
; end of _interrupt
_____DoICP:
;__Lib_System.c,6 :: 		
;__Lib_System.c,9 :: 		
0x0083	0x1283      	BCF        STATUS, 5
0x0084	0x1303      	BCF        STATUS, 6
0x0085	0x0829      	MOVF       ___DoICPAddr+1, 0
0x0086	0x008A      	MOVWF      PCLATH
;__Lib_System.c,10 :: 		
0x0087	0x0828      	MOVF       ___DoICPAddr, 0
0x0088	0x0082      	MOVWF      PCL
;__Lib_System.c,12 :: 		
L_end_____DoICP:
0x0089	0x0008      	RETURN
; end of _____DoICP
___CC2DW:
;__Lib_System.c,134 :: 		
;__Lib_System.c,137 :: 		
_CC2D_Loop1:
;__Lib_System.c,139 :: 		
0x008A	0x2083      	CALL       _____DoICP
0x008B	0x118A      	BCF        PCLATH, 3
0x008C	0x120A      	BCF        PCLATH, 4
;__Lib_System.c,141 :: 		
0x008D	0x0080      	MOVWF      INDF
;__Lib_System.c,142 :: 		
0x008E	0x0A84      	INCF       FSR, 1
;__Lib_System.c,143 :: 		
0x008F	0x0AA8      	INCF       ___DoICPAddr, 1
;__Lib_System.c,145 :: 		
0x0090	0x1903      	BTFSC      STATUS, 2
;__Lib_System.c,146 :: 		
0x0091	0x0AA9      	INCF       ___DoICPAddr+1, 1
;__Lib_System.c,147 :: 		
0x0092	0x03F0      	DECF       R0, 1
;__Lib_System.c,149 :: 		
0x0093	0x1D03      	BTFSS      STATUS, 2
;__Lib_System.c,150 :: 		
0x0094	0x288A      	GOTO       _CC2D_Loop1
;__Lib_System.c,152 :: 		
L_end___CC2DW:
0x0095	0x0008      	RETURN
; end of ___CC2DW
_main:
0x0096	0x30C8      	MOVLW      200
0x0097	0x1283      	BCF        STATUS, 5
0x0098	0x1303      	BCF        STATUS, 6
0x0099	0x00A4      	MOVWF      _b
0x009A	0x01A5      	CLRF       37
0x009B	0x3032      	MOVLW      50
0x009C	0x00A6      	MOVWF      _a
0x009D	0x01A7      	CLRF       39
;MyProject.c,7 :: 		void main()
;MyProject.c,10 :: 		TRISB = 0x01; // Hint: Set RB0 as input, others as output
0x009E	0x3001      	MOVLW      1
0x009F	0x1683      	BSF        STATUS, 5
0x00A0	0x0086      	MOVWF      TRISB
;MyProject.c,11 :: 		TRISA = 0x00; // Hint: Set all port A pins as output
0x00A1	0x0185      	CLRF       TRISA
;MyProject.c,12 :: 		CMCON = 0x07; // Hint: Disable comparators
0x00A2	0x3007      	MOVLW      7
0x00A3	0x1283      	BCF        STATUS, 5
0x00A4	0x009F      	MOVWF      CMCON
;MyProject.c,13 :: 		OPTION_REG = 0x00; // Hint: Configure option register
0x00A5	0x1683      	BSF        STATUS, 5
0x00A6	0x0181      	CLRF       OPTION_REG
;MyProject.c,15 :: 		INTCON.GIE = 1; // Hint: Enable global interrupts
0x00A7	0x178B      	BSF        INTCON, 7
;MyProject.c,16 :: 		INTCON.PEIE = 1; // Hint: Enable peripheral interrupts
0x00A8	0x170B      	BSF        INTCON, 6
;MyProject.c,17 :: 		INTCON.INTE = 1; // Hint: Enable RB0/INT interrupt
0x00A9	0x160B      	BSF        INTCON, 4
;MyProject.c,22 :: 		while (1){ // Hint: Enter an appropriate condition for the loop
L_main0:
;MyProject.c,24 :: 		PORTB.RB2 = 0; // Hint: Set RB2 to low
0x00AA	0x1283      	BCF        STATUS, 5
0x00AB	0x1106      	BCF        PORTB, 2
;MyProject.c,25 :: 		PORTA.RA0 = 1; // Hint: Set RA0 to high
0x00AC	0x1405      	BSF        PORTA, 0
;MyProject.c,26 :: 		PORTA.RA1 = 0; // Hint: Set RA1 to low
0x00AD	0x1085      	BCF        PORTA, 1
;MyProject.c,27 :: 		if (a == 50) delay_ms(50);
0x00AE	0x3000      	MOVLW      0
0x00AF	0x0627      	XORWF      _a+1, 0
0x00B0	0x1D03      	BTFSS      STATUS, 2
0x00B1	0x28B4      	GOTO       L__main24
0x00B2	0x3032      	MOVLW      50
0x00B3	0x0626      	XORWF      _a, 0
L__main24:
0x00B4	0x1D03      	BTFSS      STATUS, 2
0x00B5	0x28C1      	GOTO       L_main2
0x00B6	0x3082      	MOVLW      130
0x00B7	0x00FC      	MOVWF      R12
0x00B8	0x30DD      	MOVLW      221
0x00B9	0x00FD      	MOVWF      R13
L_main3:
0x00BA	0x0BFD      	DECFSZ     R13, 1
0x00BB	0x28BA      	GOTO       L_main3
0x00BC	0x0BFC      	DECFSZ     R12, 1
0x00BD	0x28BA      	GOTO       L_main3
0x00BE	0x0000      	NOP
0x00BF	0x0000      	NOP
0x00C0	0x28D5      	GOTO       L_main4
L_main2:
;MyProject.c,28 :: 		else if (a == 200) delay_ms(200);
0x00C1	0x3000      	MOVLW      0
0x00C2	0x0627      	XORWF      _a+1, 0
0x00C3	0x1D03      	BTFSS      STATUS, 2
0x00C4	0x28C7      	GOTO       L__main25
0x00C5	0x30C8      	MOVLW      200
0x00C6	0x0626      	XORWF      _a, 0
L__main25:
0x00C7	0x1D03      	BTFSS      STATUS, 2
0x00C8	0x28D5      	GOTO       L_main5
0x00C9	0x3003      	MOVLW      3
0x00CA	0x00FB      	MOVWF      R11
0x00CB	0x3008      	MOVLW      8
0x00CC	0x00FC      	MOVWF      R12
0x00CD	0x3077      	MOVLW      119
0x00CE	0x00FD      	MOVWF      R13
L_main6:
0x00CF	0x0BFD      	DECFSZ     R13, 1
0x00D0	0x28CF      	GOTO       L_main6
0x00D1	0x0BFC      	DECFSZ     R12, 1
0x00D2	0x28CF      	GOTO       L_main6
0x00D3	0x0BFB      	DECFSZ     R11, 1
0x00D4	0x28CF      	GOTO       L_main6
L_main5:
L_main4:
;MyProject.c,31 :: 		PORTA.RA0 = 0; // Hint: Set RA0 to low
0x00D5	0x1005      	BCF        PORTA, 0
;MyProject.c,32 :: 		PORTA.RA1 = 1; // Hint: Set RA1 to high
0x00D6	0x1485      	BSF        PORTA, 1
;MyProject.c,33 :: 		if (a == 50) delay_ms(50);
0x00D7	0x3000      	MOVLW      0
0x00D8	0x0627      	XORWF      _a+1, 0
0x00D9	0x1D03      	BTFSS      STATUS, 2
0x00DA	0x28DD      	GOTO       L__main26
0x00DB	0x3032      	MOVLW      50
0x00DC	0x0626      	XORWF      _a, 0
L__main26:
0x00DD	0x1D03      	BTFSS      STATUS, 2
0x00DE	0x28EA      	GOTO       L_main7
0x00DF	0x3082      	MOVLW      130
0x00E0	0x00FC      	MOVWF      R12
0x00E1	0x30DD      	MOVLW      221
0x00E2	0x00FD      	MOVWF      R13
L_main8:
0x00E3	0x0BFD      	DECFSZ     R13, 1
0x00E4	0x28E3      	GOTO       L_main8
0x00E5	0x0BFC      	DECFSZ     R12, 1
0x00E6	0x28E3      	GOTO       L_main8
0x00E7	0x0000      	NOP
0x00E8	0x0000      	NOP
0x00E9	0x28FE      	GOTO       L_main9
L_main7:
;MyProject.c,34 :: 		else if (a == 200) delay_ms(200);
0x00EA	0x3000      	MOVLW      0
0x00EB	0x0627      	XORWF      _a+1, 0
0x00EC	0x1D03      	BTFSS      STATUS, 2
0x00ED	0x28F0      	GOTO       L__main27
0x00EE	0x30C8      	MOVLW      200
0x00EF	0x0626      	XORWF      _a, 0
L__main27:
0x00F0	0x1D03      	BTFSS      STATUS, 2
0x00F1	0x28FE      	GOTO       L_main10
0x00F2	0x3003      	MOVLW      3
0x00F3	0x00FB      	MOVWF      R11
0x00F4	0x3008      	MOVLW      8
0x00F5	0x00FC      	MOVWF      R12
0x00F6	0x3077      	MOVLW      119
0x00F7	0x00FD      	MOVWF      R13
L_main11:
0x00F8	0x0BFD      	DECFSZ     R13, 1
0x00F9	0x28F8      	GOTO       L_main11
0x00FA	0x0BFC      	DECFSZ     R12, 1
0x00FB	0x28F8      	GOTO       L_main11
0x00FC	0x0BFB      	DECFSZ     R11, 1
0x00FD	0x28F8      	GOTO       L_main11
L_main10:
L_main9:
;MyProject.c,36 :: 		INTCON.INTF = 0; // Hint: Clear the external interrupt flag
0x00FE	0x108B      	BCF        INTCON, 1
;MyProject.c,37 :: 		}
0x00FF	0x28AA      	GOTO       L_main0
;MyProject.c,38 :: 		}
L_end_main:
0x0100	0x2900      	GOTO       $+0
; end of _main
Symbol List:
//** Routines locations **
//ADDRESS    SIZE    PROCEDURE
//----------------------------------------------
0x0004     [127]    _interrupt
0x0083       [7]    _____DoICP
0x008A      [12]    ___CC2DW
0x0096     [107]    _main
//** Variables locations ** 
//ADDRESS    SIZE    VARIABLE
//----------------------------------------------
0x0000       [1]    INDF
0x0002       [1]    PCL
0x0003       [1]    STATUS
0x0004       [1]    FSR
0x0005       [1]    PORTA
0x0006       [1]    PORTB
0x000A       [1]    PCLATH
0x000B       [1]    INTCON
0x001F       [1]    CMCON
0x0024       [2]    _b
0x0026       [2]    _a
0x0028       [2]    ___DoICPAddr
0x002A       [2]    _temp
0x002C       [1]    ___saveSTATUS
0x002D       [1]    ___savePCLATH
0x0070       [1]    R0
0x0071       [1]    R1
0x0072       [1]    R2
0x0073       [1]    R3
0x0074       [1]    R4
0x0075       [1]    R5
0x0076       [1]    R6
0x0077       [1]    R7
0x0078       [1]    R8
0x0079       [1]    R9
0x007A       [1]    R10
0x007B       [1]    R11
0x007C       [1]    R12
0x007D       [1]    R13
0x007E       [1]    R14
0x007F       [1]    R15
0x0081       [1]    OPTION_REG
0x0085       [1]    TRISA
0x0086       [1]    TRISB
