;  LST file generated by mikroListExporter - v.2.0 
; Date/Time: 6/6/2025 3:19:25 PM
;----------------------------------------------

;Address Opcode 	ASM
0x0000	0x2816      	GOTO       22
_____DoICP:
;__Lib_System.c,6 :: 		
;__Lib_System.c,9 :: 		
0x0003	0x1283      	BCF        STATUS, 5
0x0004	0x1303      	BCF        STATUS, 6
0x0005	0x0825      	MOVF       ___DoICPAddr+1, 0
0x0006	0x008A      	MOVWF      PCLATH
;__Lib_System.c,10 :: 		
0x0007	0x0824      	MOVF       ___DoICPAddr, 0
0x0008	0x0082      	MOVWF      PCL
;__Lib_System.c,12 :: 		
L_end_____DoICP:
0x0009	0x0008      	RETURN
; end of _____DoICP
___CC2DW:
;__Lib_System.c,134 :: 		
;__Lib_System.c,137 :: 		
_CC2D_Loop1:
;__Lib_System.c,139 :: 		
0x000A	0x2003      	CALL       _____DoICP
0x000B	0x118A      	BCF        PCLATH, 3
0x000C	0x120A      	BCF        PCLATH, 4
;__Lib_System.c,141 :: 		
0x000D	0x0080      	MOVWF      INDF
;__Lib_System.c,142 :: 		
0x000E	0x0A84      	INCF       FSR, 1
;__Lib_System.c,143 :: 		
0x000F	0x0AA4      	INCF       ___DoICPAddr, 1
;__Lib_System.c,145 :: 		
0x0010	0x1903      	BTFSC      STATUS, 2
;__Lib_System.c,146 :: 		
0x0011	0x0AA5      	INCF       ___DoICPAddr+1, 1
;__Lib_System.c,147 :: 		
0x0012	0x03F0      	DECF       R0, 1
;__Lib_System.c,149 :: 		
0x0013	0x1D03      	BTFSS      STATUS, 2
;__Lib_System.c,150 :: 		
0x0014	0x280A      	GOTO       _CC2D_Loop1
;__Lib_System.c,152 :: 		
L_end___CC2DW:
0x0015	0x0008      	RETURN
; end of ___CC2DW
_main:
0x0016	0x1283      	BCF        STATUS, 5
0x0017	0x1303      	BCF        STATUS, 6
0x0018	0x01A0      	CLRF       _state
0x0019	0x01A1      	CLRF       33
0x001A	0x3001      	MOVLW      1
0x001B	0x00A2      	MOVWF      _last_state
0x001C	0x01A3      	CLRF       35
;Lab_10_ex_01.c,5 :: 		void main() {
;Lab_10_ex_01.c,6 :: 		TRISB = 0x01;     // Set RB0 as input (1), RB1 as output (0)
0x001D	0x3001      	MOVLW      1
0x001E	0x1683      	BSF        STATUS, 5
0x001F	0x0086      	MOVWF      TRISB
;Lab_10_ex_01.c,7 :: 		PORTB = 0x00;     // Initialize PORTB to all zeros
0x0020	0x1283      	BCF        STATUS, 5
0x0021	0x0186      	CLRF       PORTB
;Lab_10_ex_01.c,9 :: 		while (1) {
L_main0:
;Lab_10_ex_01.c,10 :: 		if (sw1 == 0 && last_state == 1) {  // Detect button press (falling edge)
0x0022	0x1806      	BTFSC      RB0_bit, BitPos(RB0_bit+0)
0x0023	0x2847      	GOTO       L_main4
0x0024	0x3000      	MOVLW      0
0x0025	0x0623      	XORWF      _last_state+1, 0
0x0026	0x1D03      	BTFSS      STATUS, 2
0x0027	0x282A      	GOTO       L__main10
0x0028	0x3001      	MOVLW      1
0x0029	0x0622      	XORWF      _last_state, 0
L__main10:
0x002A	0x1D03      	BTFSS      STATUS, 2
0x002B	0x2847      	GOTO       L_main4
L__main8:
;Lab_10_ex_01.c,11 :: 		last_state = 0;     // Button is now pressed
0x002C	0x01A2      	CLRF       _last_state
0x002D	0x01A3      	CLRF       _last_state+1
;Lab_10_ex_01.c,12 :: 		state = !state;     // Toggle relay state (0?1 or 1?0)
0x002E	0x0820      	MOVF       _state, 0
0x002F	0x0421      	IORWF      _state+1, 0
0x0030	0x3001      	MOVLW      1
0x0031	0x1D03      	BTFSS      STATUS, 2
0x0032	0x3000      	MOVLW      0
0x0033	0x00A0      	MOVWF      _state
0x0034	0x00A1      	MOVWF      _state+1
0x0035	0x3000      	MOVLW      0
0x0036	0x00A1      	MOVWF      _state+1
;Lab_10_ex_01.c,13 :: 		RB1_bit = state;    // Output state to RB1 (relay control)
0x0037	0x1820      	BTFSC      _state, 0
0x0038	0x283B      	GOTO       L__main11
0x0039	0x1086      	BCF        RB1_bit, BitPos(RB1_bit+0)
0x003A	0x283C      	GOTO       L__main12
L__main11:
0x003B	0x1486      	BSF        RB1_bit, BitPos(RB1_bit+0)
L__main12:
;Lab_10_ex_01.c,14 :: 		Delay_ms(50);       // 50ms debounce delay
0x003C	0x3082      	MOVLW      130
0x003D	0x00FC      	MOVWF      R12
0x003E	0x30DD      	MOVLW      221
0x003F	0x00FD      	MOVWF      R13
L_main5:
0x0040	0x0BFD      	DECFSZ     R13, 1
0x0041	0x2840      	GOTO       L_main5
0x0042	0x0BFC      	DECFSZ     R12, 1
0x0043	0x2840      	GOTO       L_main5
0x0044	0x0000      	NOP
0x0045	0x0000      	NOP
;Lab_10_ex_01.c,15 :: 		}
0x0046	0x284D      	GOTO       L_main6
L_main4:
;Lab_10_ex_01.c,16 :: 		else if(sw1 == 1) {     // Button is released
0x0047	0x1C06      	BTFSS      RB0_bit, BitPos(RB0_bit+0)
0x0048	0x284D      	GOTO       L_main7
;Lab_10_ex_01.c,17 :: 		last_state = 1;     // Reset to not pressed state
0x0049	0x3001      	MOVLW      1
0x004A	0x00A2      	MOVWF      _last_state
0x004B	0x3000      	MOVLW      0
0x004C	0x00A3      	MOVWF      _last_state+1
;Lab_10_ex_01.c,18 :: 		}
L_main7:
L_main6:
;Lab_10_ex_01.c,19 :: 		}
0x004D	0x2822      	GOTO       L_main0
;Lab_10_ex_01.c,20 :: 		}
L_end_main:
0x004E	0x284E      	GOTO       $+0
; end of _main
Symbol List:
//** Routines locations **
//ADDRESS    SIZE    PROCEDURE
//----------------------------------------------
0x0003       [7]    _____DoICP
0x000A      [12]    ___CC2DW
0x0016      [57]    _main
//** Variables locations ** 
//ADDRESS    SIZE    VARIABLE
//----------------------------------------------
0x0000       [1]    INDF
0x0002       [1]    PCL
0x0003       [1]    STATUS
0x0004       [1]    FSR
0x0006       [1]    PORTB
0x0006       [0]    RB0_bit
0x0006       [0]    sw1
0x0006       [0]    RB1_bit
0x000A       [1]    PCLATH
0x0020       [2]    _state
0x0022       [2]    _last_state
0x0024       [2]    ___DoICPAddr
0x0070       [1]    R0
0x0071       [1]    R1
0x0072       [1]    R2
0x0073       [1]    R3
0x0074       [1]    R4
0x0075       [1]    R5
0x0076       [1]    R6
0x0077       [1]    R7
0x0078       [1]    R8
0x0079       [1]    R9
0x007A       [1]    R10
0x007B       [1]    R11
0x007C       [1]    R12
0x007D       [1]    R13
0x007E       [1]    R14
0x007F       [1]    R15
0x0086       [1]    TRISB
