;  LST file generated by mikroListExporter - v.2.0 
; Date/Time: 4/25/2025 11:03:32 AM
;----------------------------------------------

;Address Opcode 	ASM
0x0000	0x2803      	GOTO       3
_main:
;MyProject.c,6 :: 		void main() {
;MyProject.c,9 :: 		CMCON = 0x07;      // Disable comparators
0x0003	0x3007      	MOVLW      7
0x0004	0x1283      	BCF        STATUS, 5
0x0005	0x1303      	BCF        STATUS, 6
0x0006	0x009F      	MOVWF      CMCON
;MyProject.c,10 :: 		TRISA = 0x07;      // Set RA0, RA1, RA2 as input (1), others as output (0)
0x0007	0x3007      	MOVLW      7
0x0008	0x1683      	BSF        STATUS, 5
0x0009	0x0085      	MOVWF      TRISA
;MyProject.c,11 :: 		TRISB = 0x00;      // Set all Port B pins as output
0x000A	0x0186      	CLRF       TRISB
;MyProject.c,12 :: 		PORTB = 0x00;      // Initialize PORTB to 0
0x000B	0x1283      	BCF        STATUS, 5
0x000C	0x0186      	CLRF       PORTB
;MyProject.c,15 :: 		while(1) {         // Infinite loop
L_main0:
;MyProject.c,18 :: 		if (!Forward) {
0x000D	0x1805      	BTFSC      RA0_bit, BitPos(RA0_bit+0)
0x000E	0x2815      	GOTO       L_main2
;MyProject.c,19 :: 		PORTB = 0x03;   // Clear Port B output latch
0x000F	0x3003      	MOVLW      3
0x0010	0x0086      	MOVWF      PORTB
;MyProject.c,20 :: 		RB0_bit = 1;    // Set RB0 high
0x0011	0x1406      	BSF        RB0_bit, BitPos(RB0_bit+0)
;MyProject.c,21 :: 		RB1_bit = 1;    // Set RB1 high
0x0012	0x1486      	BSF        RB1_bit, BitPos(RB1_bit+0)
;MyProject.c,22 :: 		RB2_bit = 0;    // Set RB2 low
0x0013	0x1106      	BCF        RB2_bit, BitPos(RB2_bit+0)
;MyProject.c,23 :: 		}
0x0014	0x2820      	GOTO       L_main3
L_main2:
;MyProject.c,25 :: 		else if (!Reverse) {
0x0015	0x1885      	BTFSC      RA1_bit, BitPos(RA1_bit+0)
0x0016	0x281D      	GOTO       L_main4
;MyProject.c,26 :: 		PORTB = 0x05;   // Clear Port B output latch
0x0017	0x3005      	MOVLW      5
0x0018	0x0086      	MOVWF      PORTB
;MyProject.c,27 :: 		RB0_bit = 1;    // Set RB0 high
0x0019	0x1406      	BSF        RB0_bit, BitPos(RB0_bit+0)
;MyProject.c,28 :: 		RB1_bit = 0;    // Set RB1 low
0x001A	0x1086      	BCF        RB1_bit, BitPos(RB1_bit+0)
;MyProject.c,29 :: 		RB2_bit = 1;    // Set RB2 high
0x001B	0x1506      	BSF        RB2_bit, BitPos(RB2_bit+0)
;MyProject.c,30 :: 		}
0x001C	0x2820      	GOTO       L_main5
L_main4:
;MyProject.c,32 :: 		else if (!Brake) {
0x001D	0x1905      	BTFSC      RA2_bit, BitPos(RA2_bit+0)
0x001E	0x2820      	GOTO       L_main6
;MyProject.c,34 :: 		PORTB = 0x00;   // Ensure PORTB is cleared
0x001F	0x0186      	CLRF       PORTB
;MyProject.c,35 :: 		}
L_main6:
L_main5:
L_main3:
;MyProject.c,36 :: 		}
0x0020	0x280D      	GOTO       L_main0
;MyProject.c,37 :: 		}
L_end_main:
0x0021	0x2821      	GOTO       $+0
; end of _main
Symbol List:
//** Routines locations **
//ADDRESS    SIZE    PROCEDURE
//----------------------------------------------
0x0003      [31]    _main
//** Variables locations ** 
//ADDRESS    SIZE    VARIABLE
//----------------------------------------------
0x0000       [1]    INDF
0x0003       [1]    STATUS
0x0004       [1]    FSR
0x0005       [0]    RA1_bit
0x0005       [0]    RA0_bit
0x0005       [0]    Brake
0x0005       [0]    RA2_bit
0x0005       [0]    Forward
0x0005       [0]    Reverse
0x0006       [0]    RB0_bit
0x0006       [0]    RB1_bit
0x0006       [1]    PORTB
0x0006       [0]    RB2_bit
0x000A       [1]    PCLATH
0x001F       [1]    CMCON
0x0020       [2]    ___DoICPAddr
0x0070       [1]    R0
0x0071       [1]    R1
0x0072       [1]    R2
0x0073       [1]    R3
0x0074       [1]    R4
0x0075       [1]    R5
0x0076       [1]    R6
0x0077       [1]    R7
0x0078       [1]    R8
0x0079       [1]    R9
0x007A       [1]    R10
0x007B       [1]    R11
0x007C       [1]    R12
0x007D       [1]    R13
0x007E       [1]    R14
0x007F       [1]    R15
0x0085       [1]    TRISA
0x0086       [1]    TRISB
