;  LST file generated by mikroListExporter - v.2.0 
; Date/Time: 5/30/2025 3:23:34 PM
;----------------------------------------------

;Address Opcode 	ASM
0x0000	0x2816      	GOTO       22
_____DoICP:
;__Lib_System.c,6 :: 		
;__Lib_System.c,9 :: 		
0x0003	0x1283      	BCF        STATUS, 5
0x0004	0x1303      	BCF        STATUS, 6
0x0005	0x0825      	MOVF       ___DoICPAddr+1, 0
0x0006	0x008A      	MOVWF      PCLATH
;__Lib_System.c,10 :: 		
0x0007	0x0824      	MOVF       ___DoICPAddr, 0
0x0008	0x0082      	MOVWF      PCL
;__Lib_System.c,12 :: 		
L_end_____DoICP:
0x0009	0x0008      	RETURN
; end of _____DoICP
___CC2DW:
;__Lib_System.c,134 :: 		
;__Lib_System.c,137 :: 		
_CC2D_Loop1:
;__Lib_System.c,139 :: 		
0x000A	0x2003      	CALL       _____DoICP
0x000B	0x118A      	BCF        PCLATH, 3
0x000C	0x120A      	BCF        PCLATH, 4
;__Lib_System.c,141 :: 		
0x000D	0x0080      	MOVWF      INDF
;__Lib_System.c,142 :: 		
0x000E	0x0A84      	INCF       FSR, 1
;__Lib_System.c,143 :: 		
0x000F	0x0AA4      	INCF       ___DoICPAddr, 1
;__Lib_System.c,145 :: 		
0x0010	0x1903      	BTFSC      STATUS, 2
;__Lib_System.c,146 :: 		
0x0011	0x0AA5      	INCF       ___DoICPAddr+1, 1
;__Lib_System.c,147 :: 		
0x0012	0x03F0      	DECF       R0, 1
;__Lib_System.c,149 :: 		
0x0013	0x1D03      	BTFSS      STATUS, 2
;__Lib_System.c,150 :: 		
0x0014	0x280A      	GOTO       _CC2D_Loop1
;__Lib_System.c,152 :: 		
L_end___CC2DW:
0x0015	0x0008      	RETURN
; end of ___CC2DW
_main:
0x0016	0x1283      	BCF        STATUS, 5
0x0017	0x1303      	BCF        STATUS, 6
0x0018	0x01A0      	CLRF       _stop
0x0019	0x01A1      	CLRF       33
0x001A	0x30FF      	MOVLW      255
0x001B	0x00A2      	MOVWF      _count
0x001C	0x30FF      	MOVLW      255
0x001D	0x00A3      	MOVWF      35
;MyProject.c,6 :: 		void main(){
;MyProject.c,8 :: 		TRISA = 0b00000001;
0x001E	0x3001      	MOVLW      1
0x001F	0x1683      	BSF        STATUS, 5
0x0020	0x0085      	MOVWF      TRISA
;MyProject.c,9 :: 		TRISB = 0b10000000;
0x0021	0x3080      	MOVLW      128
0x0022	0x0086      	MOVWF      TRISB
;MyProject.c,10 :: 		PORTA = 0x00;
0x0023	0x1283      	BCF        STATUS, 5
0x0024	0x0185      	CLRF       PORTA
;MyProject.c,11 :: 		PORTB = 0x00;
0x0025	0x0186      	CLRF       PORTB
;MyProject.c,14 :: 		while(1) {
L_main0:
;MyProject.c,15 :: 		if(PORTB.RB7 == 1 && stop == 0){
0x0026	0x1F86      	BTFSS      PORTB, 7
0x0027	0x286C      	GOTO       L_main4
0x0028	0x3000      	MOVLW      0
0x0029	0x0621      	XORWF      _stop+1, 0
0x002A	0x1D03      	BTFSS      STATUS, 2
0x002B	0x282E      	GOTO       L__main11
0x002C	0x3000      	MOVLW      0
0x002D	0x0620      	XORWF      _stop, 0
L__main11:
0x002E	0x1D03      	BTFSS      STATUS, 2
0x002F	0x286C      	GOTO       L_main4
L__main9:
;MyProject.c,16 :: 		count=count+2;
0x0030	0x3002      	MOVLW      2
0x0031	0x0722      	ADDWF      _count, 0
0x0032	0x00F1      	MOVWF      R1
0x0033	0x0823      	MOVF       _count+1, 0
0x0034	0x1803      	BTFSC      STATUS, 0
0x0035	0x3E01      	ADDLW      1
0x0036	0x00F2      	MOVWF      R1+1
0x0037	0x0871      	MOVF       R1, 0
0x0038	0x00A2      	MOVWF      _count
0x0039	0x0872      	MOVF       R1+1, 0
0x003A	0x00A3      	MOVWF      _count+1
;MyProject.c,17 :: 		if(count > 9){
0x003B	0x3080      	MOVLW      128
0x003C	0x00F0      	MOVWF      R0
0x003D	0x3080      	MOVLW      128
0x003E	0x0672      	XORWF      R1+1, 0
0x003F	0x0270      	SUBWF      R0, 0
0x0040	0x1D03      	BTFSS      STATUS, 2
0x0041	0x2844      	GOTO       L__main12
0x0042	0x0871      	MOVF       R1, 0
0x0043	0x3C09      	SUBLW      9
L__main12:
0x0044	0x1803      	BTFSC      STATUS, 0
0x0045	0x284A      	GOTO       L_main5
;MyProject.c,18 :: 		count = 1;
0x0046	0x3001      	MOVLW      1
0x0047	0x00A2      	MOVWF      _count
0x0048	0x3000      	MOVLW      0
0x0049	0x00A3      	MOVWF      _count+1
;MyProject.c,19 :: 		}
L_main5:
;MyProject.c,20 :: 		PORTB = numbers[count];
0x004A	0x0822      	MOVF       _count, 0
0x004B	0x3E72      	ADDLW      _numbers
0x004C	0x00F0      	MOVWF      R0
0x004D	0x3000      	MOVLW      hi_addr(_numbers)
0x004E	0x1803      	BTFSC      STATUS, 0
0x004F	0x3E01      	ADDLW      1
0x0050	0x0723      	ADDWF      _count+1, 0
0x0051	0x00F1      	MOVWF      R0+1
0x0052	0x0870      	MOVF       R0, 0
0x0053	0x00A4      	MOVWF      ___DoICPAddr
0x0054	0x0871      	MOVF       R0+1, 0
0x0055	0x00A5      	MOVWF      ___DoICPAddr+1
0x0056	0x2003      	CALL       _____DoICP
0x0057	0x118A      	BCF        PCLATH, 3
0x0058	0x120A      	BCF        PCLATH, 4
0x0059	0x0086      	MOVWF      PORTB
;MyProject.c,21 :: 		stop = 1;
0x005A	0x3001      	MOVLW      1
0x005B	0x00A0      	MOVWF      _stop
0x005C	0x3000      	MOVLW      0
0x005D	0x00A1      	MOVWF      _stop+1
;MyProject.c,22 :: 		Delay_ms(100);
0x005E	0x3002      	MOVLW      2
0x005F	0x00FB      	MOVWF      R11
0x0060	0x3004      	MOVLW      4
0x0061	0x00FC      	MOVWF      R12
0x0062	0x30BA      	MOVLW      186
0x0063	0x00FD      	MOVWF      R13
L_main6:
0x0064	0x0BFD      	DECFSZ     R13, 1
0x0065	0x2864      	GOTO       L_main6
0x0066	0x0BFC      	DECFSZ     R12, 1
0x0067	0x2864      	GOTO       L_main6
0x0068	0x0BFB      	DECFSZ     R11, 1
0x0069	0x2864      	GOTO       L_main6
0x006A	0x0000      	NOP
;MyProject.c,23 :: 		}
0x006B	0x2870      	GOTO       L_main7
L_main4:
;MyProject.c,24 :: 		else if (PORTB.RB7 == 0){
0x006C	0x1B86      	BTFSC      PORTB, 7
0x006D	0x2870      	GOTO       L_main8
;MyProject.c,25 :: 		stop = 0;
0x006E	0x01A0      	CLRF       _stop
0x006F	0x01A1      	CLRF       _stop+1
;MyProject.c,26 :: 		}
L_main8:
L_main7:
;MyProject.c,27 :: 		}
0x0070	0x2826      	GOTO       L_main0
;MyProject.c,28 :: 		}
L_end_main:
0x0071	0x2871      	GOTO       $+0
; end of _main
;MyProject.c,1 :: _numbers
0x0072	0x343F ;_numbers+0
0x0073	0x3406 ;_numbers+1
0x0074	0x345B ;_numbers+2
0x0075	0x344F ;_numbers+3
0x0076	0x3466 ;_numbers+4
0x0077	0x346D ;_numbers+5
0x0078	0x347D ;_numbers+6
0x0079	0x3407 ;_numbers+7
0x007A	0x347F ;_numbers+8
0x007B	0x346F ;_numbers+9
; end of _numbers
Symbol List:
//** Routines locations **
//ADDRESS    SIZE    PROCEDURE
//----------------------------------------------
0x0003       [7]    _____DoICP
0x000A      [12]    ___CC2DW
0x0016      [92]    _main
//** Variables locations ** 
//ADDRESS    SIZE    VARIABLE
//----------------------------------------------
0x0000       [1]    INDF
0x0002       [1]    PCL
0x0003       [1]    STATUS
0x0004       [1]    FSR
0x0005       [1]    PORTA
0x0006       [1]    PORTB
0x000A       [1]    PCLATH
0x0020       [2]    _stop
0x0022       [2]    _count
0x0024       [2]    ___DoICPAddr
0x0070       [1]    R0
0x0071       [1]    R1
0x0072       [1]    R2
0x0073       [1]    R3
0x0074       [1]    R4
0x0075       [1]    R5
0x0076       [1]    R6
0x0077       [1]    R7
0x0078       [1]    R8
0x0079       [1]    R9
0x007A       [1]    R10
0x007B       [1]    R11
0x007C       [1]    R12
0x007D       [1]    R13
0x007E       [1]    R14
0x007F       [1]    R15
0x0085       [1]    TRISA
0x0086       [1]    TRISB
//** Constants locations ** 
//ADDRESS    SIZE    CONSTANT
//----------------------------------------------
0x0072      [10]    _numbers
