;  LST file generated by mikroListExporter - v.2.0 
; Date/Time: 5/9/2025 1:26:48 PM
;----------------------------------------------

;Address Opcode 	ASM
0x0000	0x2803      	GOTO       3
_main:
;MyProject.c,1 :: 		void main() {
;MyProject.c,2 :: 		int i = 0;
0x0003	0x1283      	BCF        STATUS, 5
0x0004	0x1303      	BCF        STATUS, 6
0x0005	0x01A2      	CLRF       main_i_L0
0x0006	0x01A3      	CLRF       main_i_L0+1
;MyProject.c,5 :: 		TRISB = 0b11000011;
0x0007	0x30C3      	MOVLW      195
0x0008	0x1683      	BSF        STATUS, 5
0x0009	0x0086      	MOVWF      TRISB
;MyProject.c,6 :: 		PORTB = 0b00000000;
0x000A	0x1283      	BCF        STATUS, 5
0x000B	0x0186      	CLRF       PORTB
;MyProject.c,9 :: 		while(1) {
L_main0:
;MyProject.c,12 :: 		if(PORTB == 0b00000001) {
0x000C	0x0806      	MOVF       PORTB, 0
0x000D	0x3A01      	XORLW      1
0x000E	0x1D03      	BTFSS      STATUS, 2
0x000F	0x2825      	GOTO       L_main2
;MyProject.c,13 :: 		PORTB = 0b00010100;
0x0010	0x3014      	MOVLW      20
0x0011	0x0086      	MOVWF      PORTB
;MyProject.c,14 :: 		while(i == 0) {
L_main3:
0x0012	0x3000      	MOVLW      0
0x0013	0x0623      	XORWF      main_i_L0+1, 0
0x0014	0x1D03      	BTFSS      STATUS, 2
0x0015	0x2818      	GOTO       L__main12
0x0016	0x3000      	MOVLW      0
0x0017	0x0622      	XORWF      main_i_L0, 0
L__main12:
0x0018	0x1D03      	BTFSS      STATUS, 2
0x0019	0x2822      	GOTO       L_main4
;MyProject.c,15 :: 		if(PORTB.RB6 == 1) {
0x001A	0x1F06      	BTFSS      PORTB, 6
0x001B	0x2821      	GOTO       L_main5
;MyProject.c,16 :: 		PORTB = 0b00000000;
0x001C	0x0186      	CLRF       PORTB
;MyProject.c,17 :: 		i = 1;
0x001D	0x3001      	MOVLW      1
0x001E	0x00A2      	MOVWF      main_i_L0
0x001F	0x3000      	MOVLW      0
0x0020	0x00A3      	MOVWF      main_i_L0+1
;MyProject.c,18 :: 		}
L_main5:
;MyProject.c,19 :: 		}
0x0021	0x2812      	GOTO       L_main3
L_main4:
;MyProject.c,20 :: 		i = 0;
0x0022	0x01A2      	CLRF       main_i_L0
0x0023	0x01A3      	CLRF       main_i_L0+1
;MyProject.c,21 :: 		}
0x0024	0x283D      	GOTO       L_main6
L_main2:
;MyProject.c,24 :: 		else if(PORTB == 0b00000010) {
0x0025	0x0806      	MOVF       PORTB, 0
0x0026	0x3A02      	XORLW      2
0x0027	0x1D03      	BTFSS      STATUS, 2
0x0028	0x283D      	GOTO       L_main7
;MyProject.c,25 :: 		PORTB = 0b00101000;
0x0029	0x3028      	MOVLW      40
0x002A	0x0086      	MOVWF      PORTB
;MyProject.c,26 :: 		while(i == 0) {
L_main8:
0x002B	0x3000      	MOVLW      0
0x002C	0x0623      	XORWF      main_i_L0+1, 0
0x002D	0x1D03      	BTFSS      STATUS, 2
0x002E	0x2831      	GOTO       L__main13
0x002F	0x3000      	MOVLW      0
0x0030	0x0622      	XORWF      main_i_L0, 0
L__main13:
0x0031	0x1D03      	BTFSS      STATUS, 2
0x0032	0x283B      	GOTO       L_main9
;MyProject.c,27 :: 		if(PORTB.RB6 == 1) {
0x0033	0x1F06      	BTFSS      PORTB, 6
0x0034	0x283A      	GOTO       L_main10
;MyProject.c,28 :: 		PORTB = 0b00000000;
0x0035	0x0186      	CLRF       PORTB
;MyProject.c,29 :: 		i = 1;
0x0036	0x3001      	MOVLW      1
0x0037	0x00A2      	MOVWF      main_i_L0
0x0038	0x3000      	MOVLW      0
0x0039	0x00A3      	MOVWF      main_i_L0+1
;MyProject.c,30 :: 		}
L_main10:
;MyProject.c,31 :: 		}
0x003A	0x282B      	GOTO       L_main8
L_main9:
;MyProject.c,32 :: 		i = 0;
0x003B	0x01A2      	CLRF       main_i_L0
0x003C	0x01A3      	CLRF       main_i_L0+1
;MyProject.c,33 :: 		}
L_main7:
L_main6:
;MyProject.c,34 :: 		}
0x003D	0x280C      	GOTO       L_main0
;MyProject.c,35 :: 		}
L_end_main:
0x003E	0x283E      	GOTO       $+0
; end of _main
Symbol List:
//** Routines locations **
//ADDRESS    SIZE    PROCEDURE
//----------------------------------------------
0x0003      [60]    _main
//** Variables locations ** 
//ADDRESS    SIZE    VARIABLE
//----------------------------------------------
0x0000       [1]    INDF
0x0003       [1]    STATUS
0x0004       [1]    FSR
0x0006       [1]    PORTB
0x000A       [1]    PCLATH
0x0020       [2]    ___DoICPAddr
0x0022       [2]    main_i_L0
0x0070       [1]    R0
0x0071       [1]    R1
0x0072       [1]    R2
0x0073       [1]    R3
0x0074       [1]    R4
0x0075       [1]    R5
0x0076       [1]    R6
0x0077       [1]    R7
0x0078       [1]    R8
0x0079       [1]    R9
0x007A       [1]    R10
0x007B       [1]    R11
0x007C       [1]    R12
0x007D       [1]    R13
0x007E       [1]    R14
0x007F       [1]    R15
0x0086       [1]    TRISB
